# JRE version: OpenJDK Runtime Environment (8.0_242-b01) (build 1.8.0_242-release-1644-b01)
# Java VM: OpenJDK 64-Bit Server VM (25.242-b01 mixed mode windows-amd64 compressed oops)
Heap:
 PSYoungGen      total 277504K, used 18420K [0x00000000d5580000, 0x00000000ebb80000, 0x0000000100000000)
  eden space 259072K, 0% used [0x00000000d5580000,0x00000000d5580000,0x00000000e5280000)
  from space 18432K, 99% used [0x00000000e5280000,0x00000000e647d048,0x00000000e6480000)
  to   space 23040K, 0% used [0x00000000ea500000,0x00000000ea500000,0x00000000ebb80000)
 ParOldGen       total 74752K, used 25605K [0x0000000080000000, 0x0000000084900000, 0x00000000d5580000)
  object space 74752K, 34% used [0x0000000080000000,0x0000000081901650,0x0000000084900000)
 Metaspace       used 56946K, capacity 59125K, committed 59160K, reserved 1099776K
  class space    used 7615K, capacity 8112K, committed 8112K, reserved 1048576K
GC Heap History (10 events):
Event: 41.698 GC heap after
Heap after GC invocations=7 (full 1):
 PSYoungGen      total 172032K, used 10605K [0x00000000d5580000, 0x00000000e2c00000, 0x0000000100000000)
  eden space 161280K, 0% used [0x00000000d5580000,0x00000000d5580000,0x00000000df300000)
  from space 10752K, 98% used [0x00000000e2180000,0x00000000e2bdb460,0x00000000e2c00000)
  to   space 13824K, 0% used [0x00000000e1100000,0x00000000e1100000,0x00000000e1e80000)
 ParOldGen       total 52224K, used 10881K [0x0000000080000000, 0x0000000083300000, 0x00000000d5580000)
  object space 52224K, 20% used [0x0000000080000000,0x0000000080aa0738,0x0000000083300000)
 Metaspace       used 30772K, capacity 31560K, committed 31920K, reserved 1077248K
  class space    used 4151K, capacity 4401K, committed 4528K, reserved 1048576K
}
Event: 49.462 GC heap before
{Heap before GC invocations=8 (full 1):
 PSYoungGen      total 172032K, used 55021K [0x00000000d5580000, 0x00000000e2c00000, 0x0000000100000000)
  eden space 161280K, 27% used [0x00000000d5580000,0x00000000d80e01b0,0x00000000df300000)
  from space 10752K, 98% used [0x00000000e2180000,0x00000000e2bdb460,0x00000000e2c00000)
  to   space 13824K, 0% used [0x00000000e1100000,0x00000000e1100000,0x00000000e1e80000)
 ParOldGen       total 52224K, used 10881K [0x0000000080000000, 0x0000000083300000, 0x00000000d5580000)
  object space 52224K, 20% used [0x0000000080000000,0x0000000080aa0738,0x0000000083300000)
 Metaspace       used 34492K, capacity 35342K, committed 35496K, reserved 1079296K
  class space    used 4575K, capacity 4834K, committed 4912K, reserved 1048576K
Event: 49.609 GC heap after
Heap after GC invocations=8 (full 1):
 PSYoungGen      total 205824K, used 9372K [0x00000000d5580000, 0x00000000e7200000, 0x0000000100000000)
  eden space 192000K, 0% used [0x00000000d5580000,0x00000000d5580000,0x00000000e1100000)
  from space 13824K, 67% used [0x00000000e1100000,0x00000000e1a27328,0x00000000e1e80000)
  to   space 13824K, 0% used [0x00000000e6480000,0x00000000e6480000,0x00000000e7200000)
 ParOldGen       total 52224K, used 10889K [0x0000000080000000, 0x0000000083300000, 0x00000000d5580000)
  object space 52224K, 20% used [0x0000000080000000,0x0000000080aa2738,0x0000000083300000)
 Metaspace       used 34492K, capacity 35342K, committed 35496K, reserved 1079296K
  class space    used 4575K, capacity 4834K, committed 4912K, reserved 1048576K
}
Event: 49.609 GC heap before
{Heap before GC invocations=9 (full 2):
 PSYoungGen      total 205824K, used 9372K [0x00000000d5580000, 0x00000000e7200000, 0x0000000100000000)
  eden space 192000K, 0% used [0x00000000d5580000,0x00000000d5580000,0x00000000e1100000)
  from space 13824K, 67% used [0x00000000e1100000,0x00000000e1a27328,0x00000000e1e80000)
  to   space 13824K, 0% used [0x00000000e6480000,0x00000000e6480000,0x00000000e7200000)
 ParOldGen       total 52224K, used 10889K [0x0000000080000000, 0x0000000083300000, 0x00000000d5580000)
  object space 52224K, 20% used [0x0000000080000000,0x0000000080aa2738,0x0000000083300000)
 Metaspace       used 34492K, capacity 35342K, committed 35496K, reserved 1079296K
  class space    used 4575K, capacity 4834K, committed 4912K, reserved 1048576K
Event: 50.237 GC heap after
Heap after GC invocations=9 (full 2):
 PSYoungGen      total 205824K, used 0K [0x00000000d5580000, 0x00000000e7200000, 0x0000000100000000)
  eden space 192000K, 0% used [0x00000000d5580000,0x00000000d5580000,0x00000000e1100000)
  from space 13824K, 0% used [0x00000000e1100000,0x00000000e1100000,0x00000000e1e80000)
  to   space 13824K, 0% used [0x00000000e6480000,0x00000000e6480000,0x00000000e7200000)
 ParOldGen       total 74752K, used 15723K [0x0000000080000000, 0x0000000084900000, 0x00000000d5580000)
  object space 74752K, 21% used [0x0000000080000000,0x0000000080f5ad10,0x0000000084900000)
 Metaspace       used 34492K, capacity 35342K, committed 35496K, reserved 1079296K
  class space    used 4575K, capacity 4834K, committed 4912K, reserved 1048576K
}
Event: 66.744 GC heap before
{Heap before GC invocations=10 (full 2):
 PSYoungGen      total 205824K, used 192000K [0x00000000d5580000, 0x00000000e7200000, 0x0000000100000000)
  eden space 192000K, 100% used [0x00000000d5580000,0x00000000e1100000,0x00000000e1100000)
  from space 13824K, 0% used [0x00000000e1100000,0x00000000e1100000,0x00000000e1e80000)
  to   space 13824K, 0% used [0x00000000e6480000,0x00000000e6480000,0x00000000e7200000)
 ParOldGen       total 74752K, used 15723K [0x0000000080000000, 0x0000000084900000, 0x00000000d5580000)
  object space 74752K, 21% used [0x0000000080000000,0x0000000080f5ad10,0x0000000084900000)
 Metaspace       used 47298K, capacity 49036K, committed 49200K, reserved 1091584K
  class space    used 6282K, capacity 6655K, committed 6704K, reserved 1048576K
Event: 66.834 GC heap after
Heap after GC invocations=10 (full 2):
 PSYoungGen      total 272896K, used 13792K [0x00000000d5580000, 0x00000000e8680000, 0x0000000100000000)
  eden space 259072K, 0% used [0x00000000d5580000,0x00000000d5580000,0x00000000e5280000)
  from space 13824K, 99% used [0x00000000e6480000,0x00000000e71f82e8,0x00000000e7200000)
  to   space 18432K, 0% used [0x00000000e5280000,0x00000000e5280000,0x00000000e6480000)
 ParOldGen       total 74752K, used 20741K [0x0000000080000000, 0x0000000084900000, 0x00000000d5580000)
  object space 74752K, 27% used [0x0000000080000000,0x00000000814415b8,0x0000000084900000)
 Metaspace       used 47298K, capacity 49036K, committed 49200K, reserved 1091584K
  class space    used 6282K, capacity 6655K, committed 6704K, reserved 1048576K
}
Event: 75.249 GC heap before
{Heap before GC invocations=11 (full 2):
 PSYoungGen      total 272896K, used 125368K [0x00000000d5580000, 0x00000000e8680000, 0x0000000100000000)
  eden space 259072K, 43% used [0x00000000d5580000,0x00000000dc275d28,0x00000000e5280000)
  from space 13824K, 99% used [0x00000000e6480000,0x00000000e71f82e8,0x00000000e7200000)
  to   space 18432K, 0% used [0x00000000e5280000,0x00000000e5280000,0x00000000e6480000)
 ParOldGen       total 74752K, used 20741K [0x0000000080000000, 0x0000000084900000, 0x00000000d5580000)
  object space 74752K, 27% used [0x0000000080000000,0x00000000814415b8,0x0000000084900000)
 Metaspace       used 56946K, capacity 59125K, committed 59160K, reserved 1099776K
  class space    used 7615K, capacity 8112K, committed 8112K, reserved 1048576K
Event: 75.302 GC heap after
Heap after GC invocations=11 (full 2):
 PSYoungGen      total 277504K, used 18420K [0x00000000d5580000, 0x00000000ebb80000, 0x0000000100000000)
  eden space 259072K, 0% used [0x00000000d5580000,0x00000000d5580000,0x00000000e5280000)
  from space 18432K, 99% used [0x00000000e5280000,0x00000000e647d048,0x00000000e6480000)
  to   space 23040K, 0% used [0x00000000ea500000,0x00000000ea500000,0x00000000ebb80000)
 ParOldGen       total 74752K, used 25605K [0x0000000080000000, 0x0000000084900000, 0x00000000d5580000)
  object space 74752K, 34% used [0x0000000080000000,0x0000000081901650,0x0000000084900000)
 Metaspace       used 56946K, capacity 59125K, committed 59160K, reserved 1099776K
  class space    used 7615K, capacity 8112K, committed 8112K, reserved 1048576K
}
Event: 75.302 GC heap before
{Heap before GC invocations=12 (full 3):
 PSYoungGen      total 277504K, used 18420K [0x00000000d5580000, 0x00000000ebb80000, 0x0000000100000000)
  eden space 259072K, 0% used [0x00000000d5580000,0x00000000d5580000,0x00000000e5280000)
  from space 18432K, 99% used [0x00000000e5280000,0x00000000e647d048,0x00000000e6480000)
  to   space 23040K, 0% used [0x00000000ea500000,0x00000000ea500000,0x00000000ebb80000)
 ParOldGen       total 74752K, used 25605K [0x0000000080000000, 0x0000000084900000, 0x00000000d5580000)
  object space 74752K, 34% used [0x0000000080000000,0x0000000081901650,0x0000000084900000)
 Metaspace       used 56946K, capacity 59125K, committed 59160K, reserved 1099776K
  class space    used 7615K, capacity 8112K, committed 8112K, reserved 1048576K

